# JRE version: Java(TM) SE Runtime Environment (8.0_45-b15) (build 1.8.0_45-b15)
# Java VM: Java HotSpot(TM) 64-Bit Server VM (25.45-b02 mixed mode windows-amd64 compressed oops)
Heap:
 PSYoungGen      total 218624K, used 90917K [0x00000000eab00000, 0x00000000fbf00000, 0x0000000100000000)
  eden space 196096K, 34% used [0x00000000eab00000,0x00000000eedcb7f0,0x00000000f6a80000)
  from space 22528K, 99% used [0x00000000f6a80000,0x00000000f807dca0,0x00000000f8080000)
  to   space 27136K, 0% used [0x00000000fa480000,0x00000000fa480000,0x00000000fbf00000)
 ParOldGen       total 94208K, used 45023K [0x00000000c0000000, 0x00000000c5c00000, 0x00000000eab00000)
  object space 94208K, 47% used [0x00000000c0000000,0x00000000c2bf7cf0,0x00000000c5c00000)
 Metaspace       used 60634K, capacity 62514K, committed 62720K, reserved 1103872K
  class space    used 8144K, capacity 8607K, committed 8704K, reserved 1048576K
GC Heap History (10 events):
Event: 75.112 GC heap before
{Heap before GC invocations=14 (full 3):
 PSYoungGen      total 182272K, used 19454K [0x00000000eab00000, 0x00000000f7700000, 0x0000000100000000)
  eden space 162816K, 0% used [0x00000000eab00000,0x00000000eab00000,0x00000000f4a00000)
  from space 19456K, 99% used [0x00000000f4a00000,0x00000000f5cffa28,0x00000000f5d00000)
  to   space 23040K, 0% used [0x00000000f6080000,0x00000000f6080000,0x00000000f7700000)
 ParOldGen       total 94208K, used 31027K [0x00000000c0000000, 0x00000000c5c00000, 0x00000000eab00000)
  object space 94208K, 32% used [0x00000000c0000000,0x00000000c1e4cd20,0x00000000c5c00000)
 Metaspace       used 52752K, capacity 54060K, committed 54272K, reserved 1095680K
  class space    used 7274K, capacity 7588K, committed 7680K, reserved 1048576K
Event: 75.479 GC heap after
Heap after GC invocations=14 (full 3):
 PSYoungGen      total 182272K, used 0K [0x00000000eab00000, 0x00000000f7700000, 0x0000000100000000)
  eden space 162816K, 0% used [0x00000000eab00000,0x00000000eab00000,0x00000000f4a00000)
  from space 19456K, 0% used [0x00000000f4a00000,0x00000000f4a00000,0x00000000f5d00000)
  to   space 23040K, 0% used [0x00000000f6080000,0x00000000f6080000,0x00000000f7700000)
 ParOldGen       total 94208K, used 41675K [0x00000000c0000000, 0x00000000c5c00000, 0x00000000eab00000)
  object space 94208K, 44% used [0x00000000c0000000,0x00000000c28b2e70,0x00000000c5c00000)
 Metaspace       used 52752K, capacity 54060K, committed 54272K, reserved 1095680K
  class space    used 7274K, capacity 7588K, committed 7680K, reserved 1048576K
}
Event: 87.299 GC heap before
{Heap before GC invocations=15 (full 3):
 PSYoungGen      total 182272K, used 162816K [0x00000000eab00000, 0x00000000f7700000, 0x0000000100000000)
  eden space 162816K, 100% used [0x00000000eab00000,0x00000000f4a00000,0x00000000f4a00000)
  from space 19456K, 0% used [0x00000000f4a00000,0x00000000f4a00000,0x00000000f5d00000)
  to   space 23040K, 0% used [0x00000000f6080000,0x00000000f6080000,0x00000000f7700000)
 ParOldGen       total 94208K, used 41675K [0x00000000c0000000, 0x00000000c5c00000, 0x00000000eab00000)
  object space 94208K, 44% used [0x00000000c0000000,0x00000000c28b2e70,0x00000000c5c00000)
 Metaspace       used 54661K, capacity 56140K, committed 56192K, reserved 1097728K
  class space    used 7444K, capacity 7800K, committed 7808K, reserved 1048576K
Event: 87.406 GC heap after
Heap after GC invocations=15 (full 3):
 PSYoungGen      total 186368K, used 9210K [0x00000000eab00000, 0x00000000fa100000, 0x0000000100000000)
  eden space 163328K, 0% used [0x00000000eab00000,0x00000000eab00000,0x00000000f4a80000)
  from space 23040K, 39% used [0x00000000f6080000,0x00000000f697e920,0x00000000f7700000)
  to   space 22528K, 0% used [0x00000000f4a80000,0x00000000f4a80000,0x00000000f6080000)
 ParOldGen       total 94208K, used 41683K [0x00000000c0000000, 0x00000000c5c00000, 0x00000000eab00000)
  object space 94208K, 44% used [0x00000000c0000000,0x00000000c28b4e70,0x00000000c5c00000)
 Metaspace       used 54661K, capacity 56140K, committed 56192K, reserved 1097728K
  class space    used 7444K, capacity 7800K, committed 7808K, reserved 1048576K
}
Event: 100.665 GC heap before
{Heap before GC invocations=16 (full 3):
 PSYoungGen      total 186368K, used 172538K [0x00000000eab00000, 0x00000000fa100000, 0x0000000100000000)
  eden space 163328K, 100% used [0x00000000eab00000,0x00000000f4a80000,0x00000000f4a80000)
  from space 23040K, 39% used [0x00000000f6080000,0x00000000f697e920,0x00000000f7700000)
  to   space 22528K, 0% used [0x00000000f4a80000,0x00000000f4a80000,0x00000000f6080000)
 ParOldGen       total 94208K, used 41683K [0x00000000c0000000, 0x00000000c5c00000, 0x00000000eab00000)
  object space 94208K, 44% used [0x00000000c0000000,0x00000000c28b4e70,0x00000000c5c00000)
 Metaspace       used 58332K, capacity 59888K, committed 60032K, reserved 1101824K
  class space    used 7889K, capacity 8297K, committed 8320K, reserved 1048576K
Event: 100.682 GC heap after
Heap after GC invocations=16 (full 3):
 PSYoungGen      total 185856K, used 9466K [0x00000000eab00000, 0x00000000f9980000, 0x0000000100000000)
  eden space 163328K, 0% used [0x00000000eab00000,0x00000000eab00000,0x00000000f4a80000)
  from space 22528K, 42% used [0x00000000f4a80000,0x00000000f53be8d0,0x00000000f6080000)
  to   space 21504K, 0% used [0x00000000f8480000,0x00000000f8480000,0x00000000f9980000)
 ParOldGen       total 94208K, used 41691K [0x00000000c0000000, 0x00000000c5c00000, 0x00000000eab00000)
  object space 94208K, 44% used [0x00000000c0000000,0x00000000c28b6e70,0x00000000c5c00000)
 Metaspace       used 58332K, capacity 59888K, committed 60032K, reserved 1101824K
  class space    used 7889K, capacity 8297K, committed 8320K, reserved 1048576K
}
Event: 109.040 GC heap before
{Heap before GC invocations=17 (full 3):
 PSYoungGen      total 185856K, used 172794K [0x00000000eab00000, 0x00000000f9980000, 0x0000000100000000)
  eden space 163328K, 100% used [0x00000000eab00000,0x00000000f4a80000,0x00000000f4a80000)
  from space 22528K, 42% used [0x00000000f4a80000,0x00000000f53be8d0,0x00000000f6080000)
  to   space 21504K, 0% used [0x00000000f8480000,0x00000000f8480000,0x00000000f9980000)
 ParOldGen       total 94208K, used 41691K [0x00000000c0000000, 0x00000000c5c00000, 0x00000000eab00000)
  object space 94208K, 44% used [0x00000000c0000000,0x00000000c28b6e70,0x00000000c5c00000)
 Metaspace       used 59541K, capacity 61296K, committed 61568K, reserved 1101824K
  class space    used 8023K, capacity 8457K, committed 8576K, reserved 1048576K
Event: 109.061 GC heap after
Heap after GC invocations=17 (full 3):
 PSYoungGen      total 214528K, used 17025K [0x00000000eab00000, 0x00000000f9680000, 0x0000000100000000)
  eden space 196096K, 0% used [0x00000000eab00000,0x00000000eab00000,0x00000000f6a80000)
  from space 18432K, 92% used [0x00000000f8480000,0x00000000f95207d0,0x00000000f9680000)
  to   space 22528K, 0% used [0x00000000f6a80000,0x00000000f6a80000,0x00000000f8080000)
 ParOldGen       total 94208K, used 41699K [0x00000000c0000000, 0x00000000c5c00000, 0x00000000eab00000)
  object space 94208K, 44% used [0x00000000c0000000,0x00000000c28b8e70,0x00000000c5c00000)
 Metaspace       used 59541K, capacity 61296K, committed 61568K, reserved 1101824K
  class space    used 8023K, capacity 8457K, committed 8576K, reserved 1048576K
}
Event: 306.047 GC heap before
{Heap before GC invocations=18 (full 3):
 PSYoungGen      total 214528K, used 213121K [0x00000000eab00000, 0x00000000f9680000, 0x0000000100000000)
  eden space 196096K, 100% used [0x00000000eab00000,0x00000000f6a80000,0x00000000f6a80000)
  from space 18432K, 92% used [0x00000000f8480000,0x00000000f95207d0,0x00000000f9680000)
  to   space 22528K, 0% used [0x00000000f6a80000,0x00000000f6a80000,0x00000000f8080000)
 ParOldGen       total 94208K, used 41699K [0x00000000c0000000, 0x00000000c5c00000, 0x00000000eab00000)
  object space 94208K, 44% used [0x00000000c0000000,0x00000000c28b8e70,0x00000000c5c00000)
 Metaspace       used 59878K, capacity 61738K, committed 62080K, reserved 1103872K
  class space    used 8045K, capacity 8486K, committed 8576K, reserved 1048576K
Event: 306.082 GC heap after
Heap after GC invocations=18 (full 3):
 PSYoungGen      total 218624K, used 22519K [0x00000000eab00000, 0x00000000fbf00000, 0x0000000100000000)
  eden space 196096K, 0% used [0x00000000eab00000,0x00000000eab00000,0x00000000f6a80000)
  from space 22528K, 99% used [0x00000000f6a80000,0x00000000f807dca0,0x00000000f8080000)
  to   space 27136K, 0% used [0x00000000fa480000,0x00000000fa480000,0x00000000fbf00000)
 ParOldGen       total 94208K, used 45023K [0x00000000c0000000, 0x00000000c5c00000, 0x00000000eab00000)
  object space 94208K, 47% used [0x00000000c0000000,0x00000000c2bf7cf0,0x00000000c5c00000)
 Metaspace       used 59878K, capacity 61738K, committed 62080K, reserved 1103872K
  class space    used 8045K, capacity 8486K, committed 8576K, reserved 1048576K
}

